This file contains any messages produced by compilers while
running configure, to aid debugging if configure makes a mistake.

It was created by open_jtalk configure 1.11, which was
generated by GNU Autoconf 2.69.  Invocation command line was

  $ ./configure 

## --------- ##
## Platform. ##
## --------- ##

hostname = numai-msi
uname -m = x86_64
uname -r = 4.15.0-45-generic
uname -s = Linux
uname -v = #48~16.04.1-Ubuntu SMP Tue Jan 29 18:03:48 UTC 2019

/usr/bin/uname -p = unknown
/bin/uname -X     = unknown

/bin/arch              = unknown
/usr/bin/arch -k       = unknown
/usr/convex/getsysinfo = unknown
/usr/bin/hostinfo      = unknown
/bin/machine           = unknown
/usr/bin/oslevel       = unknown
/bin/universe          = unknown

PATH: /opt/ros/kinetic/share/euslisp/jskeus/eus//Linux64/bin
PATH: /opt/ros/kinetic/bin
PATH: /opt/ros/kinetic/share/euslisp/jskeus/eus//Linux64/bin
PATH: /opt/ros/kinetic/share/euslisp/jskeus/eus//Linux64/bin
PATH: /opt/ros/kinetic/share/euslisp/jskeus/eus//Linux64/bin
PATH: /opt/ros/kinetic/share/euslisp/jskeus/eus//Linux64/bin
PATH: /opt/ros/kinetic/share/euslisp/jskeus/eus//Linux64/bin
PATH: /opt/ros/kinetic/share/euslisp/jskeus/eus//Linux64/bin
PATH: /opt/ros/kinetic/share/euslisp/jskeus/eus//Linux64/bin
PATH: /home/gisen/bin
PATH: /home/gisen/.local/bin
PATH: /usr/local/sbin
PATH: /usr/local/bin
PATH: /usr/sbin
PATH: /usr/bin
PATH: /sbin
PATH: /bin
PATH: /usr/games
PATH: /usr/local/games
PATH: /snap/bin
PATH: /usr/lib/jvm/java-8-oracle/bin
PATH: /usr/lib/jvm/java-8-oracle/db/bin
PATH: /usr/lib/jvm/java-8-oracle/jre/bin


## ----------- ##
## Core tests. ##
## ----------- ##

configure:2577: checking for a BSD-compatible install
configure:2645: result: /usr/bin/install -c
configure:2656: checking whether build environment is sane
configure:2711: result: yes
configure:2862: checking for a thread-safe mkdir -p
configure:2901: result: /bin/mkdir -p
configure:2908: checking for gawk
configure:2938: result: no
configure:2908: checking for mawk
configure:2924: found /usr/bin/mawk
configure:2935: result: mawk
configure:2946: checking whether make sets $(MAKE)
configure:2968: result: yes
configure:2997: checking whether make supports nested variables
configure:3014: result: yes
configure:3190: checking for gcc
configure:3206: found /usr/bin/gcc
configure:3217: result: gcc
configure:3446: checking for C compiler version
configure:3455: gcc --version >&5
gcc (Ubuntu 5.4.0-6ubuntu1~16.04.11) 5.4.0 20160609
Copyright (C) 2015 Free Software Foundation, Inc.
This is free software; see the source for copying conditions.  There is NO
warranty; not even for MERCHANTABILITY or FITNESS FOR A PARTICULAR PURPOSE.

configure:3466: $? = 0
configure:3455: gcc -v >&5
Using built-in specs.
COLLECT_GCC=gcc
COLLECT_LTO_WRAPPER=/usr/lib/gcc/x86_64-linux-gnu/5/lto-wrapper
Target: x86_64-linux-gnu
Configured with: ../src/configure -v --with-pkgversion='Ubuntu 5.4.0-6ubuntu1~16.04.11' --with-bugurl=file:///usr/share/doc/gcc-5/README.Bugs --enable-languages=c,ada,c++,java,go,d,fortran,objc,obj-c++ --prefix=/usr --program-suffix=-5 --enable-shared --enable-linker-build-id --libexecdir=/usr/lib --without-included-gettext --enable-threads=posix --libdir=/usr/lib --enable-nls --with-sysroot=/ --enable-clocale=gnu --enable-libstdcxx-debug --enable-libstdcxx-time=yes --with-default-libstdcxx-abi=new --enable-gnu-unique-object --disable-vtable-verify --enable-libmpx --enable-plugin --with-system-zlib --disable-browser-plugin --enable-java-awt=gtk --enable-gtk-cairo --with-java-home=/usr/lib/jvm/java-1.5.0-gcj-5-amd64/jre --enable-java-home --with-jvm-root-dir=/usr/lib/jvm/java-1.5.0-gcj-5-amd64 --with-jvm-jar-dir=/usr/lib/jvm-exports/java-1.5.0-gcj-5-amd64 --with-arch-directory=amd64 --with-ecj-jar=/usr/share/java/eclipse-ecj.jar --enable-objc-gc --enable-multiarch --disable-werror --with-arch-32=i686 --with-abi=m64 --with-multilib-list=m32,m64,mx32 --enable-multilib --with-tune=generic --enable-checking=release --build=x86_64-linux-gnu --host=x86_64-linux-gnu --target=x86_64-linux-gnu
Thread model: posix
gcc version 5.4.0 20160609 (Ubuntu 5.4.0-6ubuntu1~16.04.11) 
configure:3466: $? = 0
configure:3455: gcc -V >&5
gcc: error: unrecognized command line option '-V'
gcc: fatal error: no input files
compilation terminated.
configure:3466: $? = 1
configure:3455: gcc -qversion >&5
gcc: error: unrecognized command line option '-qversion'
gcc: fatal error: no input files
compilation terminated.
configure:3466: $? = 1
configure:3486: checking whether the C compiler works
configure:3508: gcc    conftest.c  >&5
configure:3512: $? = 0
configure:3560: result: yes
configure:3563: checking for C compiler default output file name
configure:3565: result: a.out
configure:3571: checking for suffix of executables
configure:3578: gcc -o conftest    conftest.c  >&5
configure:3582: $? = 0
configure:3604: result: 
configure:3626: checking whether we are cross compiling
configure:3634: gcc -o conftest    conftest.c  >&5
configure:3638: $? = 0
configure:3645: ./conftest
configure:3649: $? = 0
configure:3664: result: no
configure:3669: checking for suffix of object files
configure:3691: gcc -c   conftest.c >&5
configure:3695: $? = 0
configure:3716: result: o
configure:3720: checking whether we are using the GNU C compiler
configure:3739: gcc -c   conftest.c >&5
configure:3739: $? = 0
configure:3748: result: yes
configure:3757: checking whether gcc accepts -g
configure:3777: gcc -c -g  conftest.c >&5
configure:3777: $? = 0
configure:3818: result: yes
configure:3835: checking for gcc option to accept ISO C89
configure:3898: gcc  -c -g -O2  conftest.c >&5
configure:3898: $? = 0
configure:3911: result: none needed
configure:3936: checking whether gcc understands -c and -o together
configure:3958: gcc -c conftest.c -o conftest2.o
configure:3961: $? = 0
configure:3958: gcc -c conftest.c -o conftest2.o
configure:3961: $? = 0
configure:3973: result: yes
configure:4001: checking for style of include used by make
configure:4029: result: GNU
configure:4055: checking dependency style of gcc
configure:4166: result: gcc3
configure:4239: checking for g++
configure:4255: found /usr/bin/g++
configure:4266: result: g++
configure:4293: checking for C++ compiler version
configure:4302: g++ --version >&5
g++ (Ubuntu 5.4.0-6ubuntu1~16.04.11) 5.4.0 20160609
Copyright (C) 2015 Free Software Foundation, Inc.
This is free software; see the source for copying conditions.  There is NO
warranty; not even for MERCHANTABILITY or FITNESS FOR A PARTICULAR PURPOSE.

configure:4313: $? = 0
configure:4302: g++ -v >&5
Using built-in specs.
COLLECT_GCC=g++
COLLECT_LTO_WRAPPER=/usr/lib/gcc/x86_64-linux-gnu/5/lto-wrapper
Target: x86_64-linux-gnu
Configured with: ../src/configure -v --with-pkgversion='Ubuntu 5.4.0-6ubuntu1~16.04.11' --with-bugurl=file:///usr/share/doc/gcc-5/README.Bugs --enable-languages=c,ada,c++,java,go,d,fortran,objc,obj-c++ --prefix=/usr --program-suffix=-5 --enable-shared --enable-linker-build-id --libexecdir=/usr/lib --without-included-gettext --enable-threads=posix --libdir=/usr/lib --enable-nls --with-sysroot=/ --enable-clocale=gnu --enable-libstdcxx-debug --enable-libstdcxx-time=yes --with-default-libstdcxx-abi=new --enable-gnu-unique-object --disable-vtable-verify --enable-libmpx --enable-plugin --with-system-zlib --disable-browser-plugin --enable-java-awt=gtk --enable-gtk-cairo --with-java-home=/usr/lib/jvm/java-1.5.0-gcj-5-amd64/jre --enable-java-home --with-jvm-root-dir=/usr/lib/jvm/java-1.5.0-gcj-5-amd64 --with-jvm-jar-dir=/usr/lib/jvm-exports/java-1.5.0-gcj-5-amd64 --with-arch-directory=amd64 --with-ecj-jar=/usr/share/java/eclipse-ecj.jar --enable-objc-gc --enable-multiarch --disable-werror --with-arch-32=i686 --with-abi=m64 --with-multilib-list=m32,m64,mx32 --enable-multilib --with-tune=generic --enable-checking=release --build=x86_64-linux-gnu --host=x86_64-linux-gnu --target=x86_64-linux-gnu
Thread model: posix
gcc version 5.4.0 20160609 (Ubuntu 5.4.0-6ubuntu1~16.04.11) 
configure:4313: $? = 0
configure:4302: g++ -V >&5
g++: error: unrecognized command line option '-V'
g++: fatal error: no input files
compilation terminated.
configure:4313: $? = 1
configure:4302: g++ -qversion >&5
g++: error: unrecognized command line option '-qversion'
g++: fatal error: no input files
compilation terminated.
configure:4313: $? = 1
configure:4317: checking whether we are using the GNU C++ compiler
configure:4336: g++ -c   conftest.cpp >&5
configure:4336: $? = 0
configure:4345: result: yes
configure:4354: checking whether g++ accepts -g
configure:4374: g++ -c -g  conftest.cpp >&5
configure:4374: $? = 0
configure:4415: result: yes
configure:4440: checking dependency style of g++
configure:4551: result: gcc3
configure:4611: checking for ranlib
configure:4627: found /usr/bin/ranlib
configure:4638: result: ranlib
configure:4706: checking for ar
configure:4722: found /usr/bin/ar
configure:4733: result: ar
configure:4763: checking how to run the C preprocessor
configure:4794: gcc -E  conftest.c
configure:4794: $? = 0
configure:4808: gcc -E  conftest.c
conftest.c:11:28: fatal error: ac_nonexistent.h: No such file or directory
compilation terminated.
configure:4808: $? = 1
configure: failed program was:
| /* confdefs.h */
| #define PACKAGE_NAME "open_jtalk"
| #define PACKAGE_TARNAME "open_jtalk"
| #define PACKAGE_VERSION "1.11"
| #define PACKAGE_STRING "open_jtalk 1.11"
| #define PACKAGE_BUGREPORT "open-jtalk-users@lists.sourceforge.net"
| #define PACKAGE_URL ""
| #define PACKAGE "open_jtalk"
| #define VERSION "1.11"
| /* end confdefs.h.  */
| #include <ac_nonexistent.h>
configure:4833: result: gcc -E
configure:4853: gcc -E  conftest.c
configure:4853: $? = 0
configure:4867: gcc -E  conftest.c
conftest.c:11:28: fatal error: ac_nonexistent.h: No such file or directory
compilation terminated.
configure:4867: $? = 1
configure: failed program was:
| /* confdefs.h */
| #define PACKAGE_NAME "open_jtalk"
| #define PACKAGE_TARNAME "open_jtalk"
| #define PACKAGE_VERSION "1.11"
| #define PACKAGE_STRING "open_jtalk 1.11"
| #define PACKAGE_BUGREPORT "open-jtalk-users@lists.sourceforge.net"
| #define PACKAGE_URL ""
| #define PACKAGE "open_jtalk"
| #define VERSION "1.11"
| /* end confdefs.h.  */
| #include <ac_nonexistent.h>
configure:4896: checking for grep that handles long lines and -e
configure:4954: result: /bin/grep
configure:4959: checking for egrep
configure:5021: result: /bin/grep -E
configure:5026: checking for ANSI C header files
configure:5046: gcc -c -g -O2  conftest.c >&5
configure:5046: $? = 0
configure:5119: gcc -o conftest -g -O2   conftest.c  >&5
configure:5119: $? = 0
configure:5119: ./conftest
configure:5119: $? = 0
configure:5130: result: yes
configure:5143: checking for sys/types.h
configure:5143: gcc -c -g -O2  conftest.c >&5
configure:5143: $? = 0
configure:5143: result: yes
configure:5143: checking for sys/stat.h
configure:5143: gcc -c -g -O2  conftest.c >&5
configure:5143: $? = 0
configure:5143: result: yes
configure:5143: checking for stdlib.h
configure:5143: gcc -c -g -O2  conftest.c >&5
configure:5143: $? = 0
configure:5143: result: yes
configure:5143: checking for string.h
configure:5143: gcc -c -g -O2  conftest.c >&5
configure:5143: $? = 0
configure:5143: result: yes
configure:5143: checking for memory.h
configure:5143: gcc -c -g -O2  conftest.c >&5
configure:5143: $? = 0
configure:5143: result: yes
configure:5143: checking for strings.h
configure:5143: gcc -c -g -O2  conftest.c >&5
configure:5143: $? = 0
configure:5143: result: yes
configure:5143: checking for inttypes.h
configure:5143: gcc -c -g -O2  conftest.c >&5
configure:5143: $? = 0
configure:5143: result: yes
configure:5143: checking for stdint.h
configure:5143: gcc -c -g -O2  conftest.c >&5
configure:5143: $? = 0
configure:5143: result: yes
configure:5143: checking for unistd.h
configure:5143: gcc -c -g -O2  conftest.c >&5
configure:5143: $? = 0
configure:5143: result: yes
configure:5155: checking whether byte ordering is bigendian
configure:5170: gcc -c -g -O2  conftest.c >&5
conftest.c:22:9: error: unknown type name 'not'
         not a universal capable compiler
         ^
conftest.c:22:15: error: expected '=', ',', ';', 'asm' or '__attribute__' before 'universal'
         not a universal capable compiler
               ^
conftest.c:22:15: error: unknown type name 'universal'
configure:5170: $? = 1
configure: failed program was:
| /* confdefs.h */
| #define PACKAGE_NAME "open_jtalk"
| #define PACKAGE_TARNAME "open_jtalk"
| #define PACKAGE_VERSION "1.11"
| #define PACKAGE_STRING "open_jtalk 1.11"
| #define PACKAGE_BUGREPORT "open-jtalk-users@lists.sourceforge.net"
| #define PACKAGE_URL ""
| #define PACKAGE "open_jtalk"
| #define VERSION "1.11"
| #define STDC_HEADERS 1
| #define HAVE_SYS_TYPES_H 1
| #define HAVE_SYS_STAT_H 1
| #define HAVE_STDLIB_H 1
| #define HAVE_STRING_H 1
| #define HAVE_MEMORY_H 1
| #define HAVE_STRINGS_H 1
| #define HAVE_INTTYPES_H 1
| #define HAVE_STDINT_H 1
| #define HAVE_UNISTD_H 1
| /* end confdefs.h.  */
| #ifndef __APPLE_CC__
| 	       not a universal capable compiler
| 	     #endif
| 	     typedef int dummy;
| 
configure:5215: gcc -c -g -O2  conftest.c >&5
configure:5215: $? = 0
configure:5233: gcc -c -g -O2  conftest.c >&5
conftest.c: In function 'main':
conftest.c:28:4: error: unknown type name 'not'
    not big endian
    ^
conftest.c:28:12: error: expected '=', ',', ';', 'asm' or '__attribute__' before 'endian'
    not big endian
            ^
configure:5233: $? = 1
configure: failed program was:
| /* confdefs.h */
| #define PACKAGE_NAME "open_jtalk"
| #define PACKAGE_TARNAME "open_jtalk"
| #define PACKAGE_VERSION "1.11"
| #define PACKAGE_STRING "open_jtalk 1.11"
| #define PACKAGE_BUGREPORT "open-jtalk-users@lists.sourceforge.net"
| #define PACKAGE_URL ""
| #define PACKAGE "open_jtalk"
| #define VERSION "1.11"
| #define STDC_HEADERS 1
| #define HAVE_SYS_TYPES_H 1
| #define HAVE_SYS_STAT_H 1
| #define HAVE_STDLIB_H 1
| #define HAVE_STRING_H 1
| #define HAVE_MEMORY_H 1
| #define HAVE_STRINGS_H 1
| #define HAVE_INTTYPES_H 1
| #define HAVE_STDINT_H 1
| #define HAVE_UNISTD_H 1
| /* end confdefs.h.  */
| #include <sys/types.h>
| 		#include <sys/param.h>
| 
| int
| main ()
| {
| #if BYTE_ORDER != BIG_ENDIAN
| 		 not big endian
| 		#endif
| 
|   ;
|   return 0;
| }
configure:5361: result: no
configure:5381: checking for log in -lm
configure:5406: gcc -o conftest -g -O2   conftest.c -lm   >&5
conftest.c:28:6: warning: conflicting types for built-in function 'log'
 char log ();
      ^
configure:5406: $? = 0
configure:5415: result: yes
configure:5426: checking for main in -lstdc++
configure:5445: gcc -o conftest -g -O2   conftest.c -lstdc++  -lm  >&5
configure:5445: $? = 0
configure:5454: result: yes
configure:5460: checking for iconv_open in -liconv
configure:5485: gcc -o conftest -g -O2   conftest.c -liconv  -lm  >&5
/usr/bin/ld: cannot find -liconv
collect2: error: ld returned 1 exit status
configure:5485: $? = 1
configure: failed program was:
| /* confdefs.h */
| #define PACKAGE_NAME "open_jtalk"
| #define PACKAGE_TARNAME "open_jtalk"
| #define PACKAGE_VERSION "1.11"
| #define PACKAGE_STRING "open_jtalk 1.11"
| #define PACKAGE_BUGREPORT "open-jtalk-users@lists.sourceforge.net"
| #define PACKAGE_URL ""
| #define PACKAGE "open_jtalk"
| #define VERSION "1.11"
| #define STDC_HEADERS 1
| #define HAVE_SYS_TYPES_H 1
| #define HAVE_SYS_STAT_H 1
| #define HAVE_STDLIB_H 1
| #define HAVE_STRING_H 1
| #define HAVE_MEMORY_H 1
| #define HAVE_STRINGS_H 1
| #define HAVE_INTTYPES_H 1
| #define HAVE_STDINT_H 1
| #define HAVE_UNISTD_H 1
| #define HAVE_LIBM 1
| /* end confdefs.h.  */
| 
| /* Override any GCC internal prototype to avoid an error.
|    Use char because int might match the return type of a GCC
|    builtin and then its argument prototype would still apply.  */
| #ifdef __cplusplus
| extern "C"
| #endif
| char iconv_open ();
| int
| main ()
| {
| return iconv_open ();
|   ;
|   return 0;
| }
configure:5494: result: no
configure:5500: checking for iconv_open
configure:5500: gcc -o conftest -g -O2   conftest.c -lm  >&5
configure:5500: $? = 0
configure:5500: result: yes
configure:5507: checking for ANSI C header files
configure:5611: result: yes
configure:5622: checking for stdlib.h
configure:5622: result: yes
configure:5622: checking for string.h
configure:5622: result: yes
configure:5622: checking for unistd.h
configure:5622: result: yes
configure:5622: checking fcntl.h usability
configure:5622: gcc -c -g -O2  conftest.c >&5
configure:5622: $? = 0
configure:5622: result: yes
configure:5622: checking fcntl.h presence
configure:5622: gcc -E  conftest.c
configure:5622: $? = 0
configure:5622: result: yes
configure:5622: checking for fcntl.h
configure:5622: result: yes
configure:5622: checking for sys/stat.h
configure:5622: result: yes
configure:5622: checking sys/mman.h usability
configure:5622: gcc -c -g -O2  conftest.c >&5
configure:5622: $? = 0
configure:5622: result: yes
configure:5622: checking sys/mman.h presence
configure:5622: gcc -E  conftest.c
configure:5622: $? = 0
configure:5622: result: yes
configure:5622: checking for sys/mman.h
configure:5622: result: yes
configure:5622: checking sys/times.h usability
configure:5622: gcc -c -g -O2  conftest.c >&5
configure:5622: $? = 0
configure:5622: result: yes
configure:5622: checking sys/times.h presence
configure:5622: gcc -E  conftest.c
configure:5622: $? = 0
configure:5622: result: yes
configure:5622: checking for sys/times.h
configure:5622: result: yes
configure:5622: checking for sys/types.h
configure:5622: result: yes
configure:5622: checking dirent.h usability
configure:5622: gcc -c -g -O2  conftest.c >&5
configure:5622: $? = 0
configure:5622: result: yes
configure:5622: checking dirent.h presence
configure:5622: gcc -E  conftest.c
configure:5622: $? = 0
configure:5622: result: yes
configure:5622: checking for dirent.h
configure:5622: result: yes
configure:5622: checking ctype.h usability
configure:5622: gcc -c -g -O2  conftest.c >&5
configure:5622: $? = 0
configure:5622: result: yes
configure:5622: checking ctype.h presence
configure:5622: gcc -E  conftest.c
configure:5622: $? = 0
configure:5622: result: yes
configure:5622: checking for ctype.h
configure:5622: result: yes
configure:5622: checking for sys/types.h
configure:5622: result: yes
configure:5622: checking io.h usability
configure:5622: gcc -c -g -O2  conftest.c >&5
conftest.c:67:16: fatal error: io.h: No such file or directory
compilation terminated.
configure:5622: $? = 1
configure: failed program was:
| /* confdefs.h */
| #define PACKAGE_NAME "open_jtalk"
| #define PACKAGE_TARNAME "open_jtalk"
| #define PACKAGE_VERSION "1.11"
| #define PACKAGE_STRING "open_jtalk 1.11"
| #define PACKAGE_BUGREPORT "open-jtalk-users@lists.sourceforge.net"
| #define PACKAGE_URL ""
| #define PACKAGE "open_jtalk"
| #define VERSION "1.11"
| #define STDC_HEADERS 1
| #define HAVE_SYS_TYPES_H 1
| #define HAVE_SYS_STAT_H 1
| #define HAVE_STDLIB_H 1
| #define HAVE_STRING_H 1
| #define HAVE_MEMORY_H 1
| #define HAVE_STRINGS_H 1
| #define HAVE_INTTYPES_H 1
| #define HAVE_STDINT_H 1
| #define HAVE_UNISTD_H 1
| #define HAVE_LIBM 1
| #define STDC_HEADERS 1
| #define HAVE_STDLIB_H 1
| #define HAVE_STRING_H 1
| #define HAVE_UNISTD_H 1
| #define HAVE_FCNTL_H 1
| #define HAVE_SYS_STAT_H 1
| #define HAVE_SYS_MMAN_H 1
| #define HAVE_SYS_TIMES_H 1
| #define HAVE_SYS_TYPES_H 1
| #define HAVE_DIRENT_H 1
| #define HAVE_CTYPE_H 1
| #define HAVE_SYS_TYPES_H 1
| /* end confdefs.h.  */
| #include <stdio.h>
| #ifdef HAVE_SYS_TYPES_H
| # include <sys/types.h>
| #endif
| #ifdef HAVE_SYS_STAT_H
| # include <sys/stat.h>
| #endif
| #ifdef STDC_HEADERS
| # include <stdlib.h>
| # include <stddef.h>
| #else
| # ifdef HAVE_STDLIB_H
| #  include <stdlib.h>
| # endif
| #endif
| #ifdef HAVE_STRING_H
| # if !defined STDC_HEADERS && defined HAVE_MEMORY_H
| #  include <memory.h>
| # endif
| # include <string.h>
| #endif
| #ifdef HAVE_STRINGS_H
| # include <strings.h>
| #endif
| #ifdef HAVE_INTTYPES_H
| # include <inttypes.h>
| #endif
| #ifdef HAVE_STDINT_H
| # include <stdint.h>
| #endif
| #ifdef HAVE_UNISTD_H
| # include <unistd.h>
| #endif
| #include <io.h>
configure:5622: result: no
configure:5622: checking io.h presence
configure:5622: gcc -E  conftest.c
conftest.c:34:16: fatal error: io.h: No such file or directory
compilation terminated.
configure:5622: $? = 1
configure: failed program was:
| /* confdefs.h */
| #define PACKAGE_NAME "open_jtalk"
| #define PACKAGE_TARNAME "open_jtalk"
| #define PACKAGE_VERSION "1.11"
| #define PACKAGE_STRING "open_jtalk 1.11"
| #define PACKAGE_BUGREPORT "open-jtalk-users@lists.sourceforge.net"
| #define PACKAGE_URL ""
| #define PACKAGE "open_jtalk"
| #define VERSION "1.11"
| #define STDC_HEADERS 1
| #define HAVE_SYS_TYPES_H 1
| #define HAVE_SYS_STAT_H 1
| #define HAVE_STDLIB_H 1
| #define HAVE_STRING_H 1
| #define HAVE_MEMORY_H 1
| #define HAVE_STRINGS_H 1
| #define HAVE_INTTYPES_H 1
| #define HAVE_STDINT_H 1
| #define HAVE_UNISTD_H 1
| #define HAVE_LIBM 1
| #define STDC_HEADERS 1
| #define HAVE_STDLIB_H 1
| #define HAVE_STRING_H 1
| #define HAVE_UNISTD_H 1
| #define HAVE_FCNTL_H 1
| #define HAVE_SYS_STAT_H 1
| #define HAVE_SYS_MMAN_H 1
| #define HAVE_SYS_TIMES_H 1
| #define HAVE_SYS_TYPES_H 1
| #define HAVE_DIRENT_H 1
| #define HAVE_CTYPE_H 1
| #define HAVE_SYS_TYPES_H 1
| /* end confdefs.h.  */
| #include <io.h>
configure:5622: result: no
configure:5622: checking for io.h
configure:5622: result: no
configure:5622: checking windows.h usability
configure:5622: gcc -c -g -O2  conftest.c >&5
conftest.c:67:21: fatal error: windows.h: No such file or directory
compilation terminated.
configure:5622: $? = 1
configure: failed program was:
| /* confdefs.h */
| #define PACKAGE_NAME "open_jtalk"
| #define PACKAGE_TARNAME "open_jtalk"
| #define PACKAGE_VERSION "1.11"
| #define PACKAGE_STRING "open_jtalk 1.11"
| #define PACKAGE_BUGREPORT "open-jtalk-users@lists.sourceforge.net"
| #define PACKAGE_URL ""
| #define PACKAGE "open_jtalk"
| #define VERSION "1.11"
| #define STDC_HEADERS 1
| #define HAVE_SYS_TYPES_H 1
| #define HAVE_SYS_STAT_H 1
| #define HAVE_STDLIB_H 1
| #define HAVE_STRING_H 1
| #define HAVE_MEMORY_H 1
| #define HAVE_STRINGS_H 1
| #define HAVE_INTTYPES_H 1
| #define HAVE_STDINT_H 1
| #define HAVE_UNISTD_H 1
| #define HAVE_LIBM 1
| #define STDC_HEADERS 1
| #define HAVE_STDLIB_H 1
| #define HAVE_STRING_H 1
| #define HAVE_UNISTD_H 1
| #define HAVE_FCNTL_H 1
| #define HAVE_SYS_STAT_H 1
| #define HAVE_SYS_MMAN_H 1
| #define HAVE_SYS_TIMES_H 1
| #define HAVE_SYS_TYPES_H 1
| #define HAVE_DIRENT_H 1
| #define HAVE_CTYPE_H 1
| #define HAVE_SYS_TYPES_H 1
| /* end confdefs.h.  */
| #include <stdio.h>
| #ifdef HAVE_SYS_TYPES_H
| # include <sys/types.h>
| #endif
| #ifdef HAVE_SYS_STAT_H
| # include <sys/stat.h>
| #endif
| #ifdef STDC_HEADERS
| # include <stdlib.h>
| # include <stddef.h>
| #else
| # ifdef HAVE_STDLIB_H
| #  include <stdlib.h>
| # endif
| #endif
| #ifdef HAVE_STRING_H
| # if !defined STDC_HEADERS && defined HAVE_MEMORY_H
| #  include <memory.h>
| # endif
| # include <string.h>
| #endif
| #ifdef HAVE_STRINGS_H
| # include <strings.h>
| #endif
| #ifdef HAVE_INTTYPES_H
| # include <inttypes.h>
| #endif
| #ifdef HAVE_STDINT_H
| # include <stdint.h>
| #endif
| #ifdef HAVE_UNISTD_H
| # include <unistd.h>
| #endif
| #include <windows.h>
configure:5622: result: no
configure:5622: checking windows.h presence
configure:5622: gcc -E  conftest.c
conftest.c:34:21: fatal error: windows.h: No such file or directory
compilation terminated.
configure:5622: $? = 1
configure: failed program was:
| /* confdefs.h */
| #define PACKAGE_NAME "open_jtalk"
| #define PACKAGE_TARNAME "open_jtalk"
| #define PACKAGE_VERSION "1.11"
| #define PACKAGE_STRING "open_jtalk 1.11"
| #define PACKAGE_BUGREPORT "open-jtalk-users@lists.sourceforge.net"
| #define PACKAGE_URL ""
| #define PACKAGE "open_jtalk"
| #define VERSION "1.11"
| #define STDC_HEADERS 1
| #define HAVE_SYS_TYPES_H 1
| #define HAVE_SYS_STAT_H 1
| #define HAVE_STDLIB_H 1
| #define HAVE_STRING_H 1
| #define HAVE_MEMORY_H 1
| #define HAVE_STRINGS_H 1
| #define HAVE_INTTYPES_H 1
| #define HAVE_STDINT_H 1
| #define HAVE_UNISTD_H 1
| #define HAVE_LIBM 1
| #define STDC_HEADERS 1
| #define HAVE_STDLIB_H 1
| #define HAVE_STRING_H 1
| #define HAVE_UNISTD_H 1
| #define HAVE_FCNTL_H 1
| #define HAVE_SYS_STAT_H 1
| #define HAVE_SYS_MMAN_H 1
| #define HAVE_SYS_TIMES_H 1
| #define HAVE_SYS_TYPES_H 1
| #define HAVE_DIRENT_H 1
| #define HAVE_CTYPE_H 1
| #define HAVE_SYS_TYPES_H 1
| /* end confdefs.h.  */
| #include <windows.h>
configure:5622: result: no
configure:5622: checking for windows.h
configure:5622: result: no
configure:5622: checking setjmp.h usability
configure:5622: gcc -c -g -O2  conftest.c >&5
configure:5622: $? = 0
configure:5622: result: yes
configure:5622: checking setjmp.h presence
configure:5622: gcc -E  conftest.c
configure:5622: $? = 0
configure:5622: result: yes
configure:5622: checking for setjmp.h
configure:5622: result: yes
configure:5634: checking for an ANSI C-conforming const
configure:5700: gcc -c -g -O2  conftest.c >&5
configure:5700: $? = 0
configure:5707: result: yes
configure:5715: checking for size_t
configure:5715: gcc -c -g -O2  conftest.c >&5
configure:5715: $? = 0
configure:5715: gcc -c -g -O2  conftest.c >&5
conftest.c: In function 'main':
conftest.c:71:21: error: expected expression before ')' token
 if (sizeof ((size_t)))
                     ^
configure:5715: $? = 1
configure: failed program was:
| /* confdefs.h */
| #define PACKAGE_NAME "open_jtalk"
| #define PACKAGE_TARNAME "open_jtalk"
| #define PACKAGE_VERSION "1.11"
| #define PACKAGE_STRING "open_jtalk 1.11"
| #define PACKAGE_BUGREPORT "open-jtalk-users@lists.sourceforge.net"
| #define PACKAGE_URL ""
| #define PACKAGE "open_jtalk"
| #define VERSION "1.11"
| #define STDC_HEADERS 1
| #define HAVE_SYS_TYPES_H 1
| #define HAVE_SYS_STAT_H 1
| #define HAVE_STDLIB_H 1
| #define HAVE_STRING_H 1
| #define HAVE_MEMORY_H 1
| #define HAVE_STRINGS_H 1
| #define HAVE_INTTYPES_H 1
| #define HAVE_STDINT_H 1
| #define HAVE_UNISTD_H 1
| #define HAVE_LIBM 1
| #define STDC_HEADERS 1
| #define HAVE_STDLIB_H 1
| #define HAVE_STRING_H 1
| #define HAVE_UNISTD_H 1
| #define HAVE_FCNTL_H 1
| #define HAVE_SYS_STAT_H 1
| #define HAVE_SYS_MMAN_H 1
| #define HAVE_SYS_TIMES_H 1
| #define HAVE_SYS_TYPES_H 1
| #define HAVE_DIRENT_H 1
| #define HAVE_CTYPE_H 1
| #define HAVE_SYS_TYPES_H 1
| #define HAVE_SETJMP_H 1
| /* end confdefs.h.  */
| #include <stdio.h>
| #ifdef HAVE_SYS_TYPES_H
| # include <sys/types.h>
| #endif
| #ifdef HAVE_SYS_STAT_H
| # include <sys/stat.h>
| #endif
| #ifdef STDC_HEADERS
| # include <stdlib.h>
| # include <stddef.h>
| #else
| # ifdef HAVE_STDLIB_H
| #  include <stdlib.h>
| # endif
| #endif
| #ifdef HAVE_STRING_H
| # if !defined STDC_HEADERS && defined HAVE_MEMORY_H
| #  include <memory.h>
| # endif
| # include <string.h>
| #endif
| #ifdef HAVE_STRINGS_H
| # include <strings.h>
| #endif
| #ifdef HAVE_INTTYPES_H
| # include <inttypes.h>
| #endif
| #ifdef HAVE_STDINT_H
| # include <stdint.h>
| #endif
| #ifdef HAVE_UNISTD_H
| # include <unistd.h>
| #endif
| int
| main ()
| {
| if (sizeof ((size_t)))
| 	    return 0;
|   ;
|   return 0;
| }
configure:5715: result: yes
configure:5734: checking for stdlib.h
configure:5734: result: yes
configure:5734: checking for unistd.h
configure:5734: result: yes
configure:5734: checking for sys/param.h
configure:5734: gcc -c -g -O2  conftest.c >&5
configure:5734: $? = 0
configure:5734: result: yes
configure:5754: checking for getpagesize
configure:5754: gcc -o conftest -g -O2   conftest.c -lm  >&5
configure:5754: $? = 0
configure:5754: result: yes
configure:5763: checking for working mmap
configure:5910: gcc -o conftest -g -O2   conftest.c -lm  >&5
configure:5910: $? = 0
configure:5910: ./conftest
configure:5910: $? = 0
configure:5920: result: yes
configure:5931: checking for sqrt
configure:5931: gcc -o conftest -g -O2   conftest.c -lm  >&5
conftest.c:63:6: warning: conflicting types for built-in function 'sqrt'
 char sqrt ();
      ^
configure:5931: $? = 0
configure:5931: result: yes
configure:5942: checking for strstr
configure:5942: gcc -o conftest -g -O2   conftest.c -lm  >&5
conftest.c:64:6: warning: conflicting types for built-in function 'strstr'
 char strstr ();
      ^
configure:5942: $? = 0
configure:5942: result: yes
configure:5953: checking for getenv
configure:5953: gcc -o conftest -g -O2   conftest.c -lm  >&5
configure:5953: $? = 0
configure:5953: result: yes
configure:5964: checking for opendir
configure:5964: gcc -o conftest -g -O2   conftest.c -lm  >&5
configure:5964: $? = 0
configure:5964: result: yes
configure:5975: checking for setjmp
configure:5975: gcc -o conftest -g -O2   conftest.c -lm  >&5
configure:5975: $? = 0
configure:5975: result: yes
configure:5993: checking whether gcc needs -traditional
configure:6027: result: no
configure:6034: checking whether make sets $(MAKE)
configure:6056: result: yes
configure:6065: checking for library containing strerror
configure:6096: gcc -o conftest -g -O2   conftest.c -lm  >&5
configure:6096: $? = 0
configure:6113: result: none required
configure:6125: checking build system type
configure:6139: result: x86_64-unknown-linux-gnu
configure:6159: checking host system type
configure:6172: result: x86_64-unknown-linux-gnu
configure:6210: checking for off_t
configure:6210: gcc -c -g -O2  conftest.c >&5
configure:6210: $? = 0
configure:6210: gcc -c -g -O2  conftest.c >&5
conftest.c: In function 'main':
conftest.c:81:20: error: expected expression before ')' token
 if (sizeof ((off_t)))
                    ^
configure:6210: $? = 1
configure: failed program was:
| /* confdefs.h */
| #define PACKAGE_NAME "open_jtalk"
| #define PACKAGE_TARNAME "open_jtalk"
| #define PACKAGE_VERSION "1.11"
| #define PACKAGE_STRING "open_jtalk 1.11"
| #define PACKAGE_BUGREPORT "open-jtalk-users@lists.sourceforge.net"
| #define PACKAGE_URL ""
| #define PACKAGE "open_jtalk"
| #define VERSION "1.11"
| #define STDC_HEADERS 1
| #define HAVE_SYS_TYPES_H 1
| #define HAVE_SYS_STAT_H 1
| #define HAVE_STDLIB_H 1
| #define HAVE_STRING_H 1
| #define HAVE_MEMORY_H 1
| #define HAVE_STRINGS_H 1
| #define HAVE_INTTYPES_H 1
| #define HAVE_STDINT_H 1
| #define HAVE_UNISTD_H 1
| #define HAVE_LIBM 1
| #define STDC_HEADERS 1
| #define HAVE_STDLIB_H 1
| #define HAVE_STRING_H 1
| #define HAVE_UNISTD_H 1
| #define HAVE_FCNTL_H 1
| #define HAVE_SYS_STAT_H 1
| #define HAVE_SYS_MMAN_H 1
| #define HAVE_SYS_TIMES_H 1
| #define HAVE_SYS_TYPES_H 1
| #define HAVE_DIRENT_H 1
| #define HAVE_CTYPE_H 1
| #define HAVE_SYS_TYPES_H 1
| #define HAVE_SETJMP_H 1
| #define HAVE_STDLIB_H 1
| #define HAVE_UNISTD_H 1
| #define HAVE_SYS_PARAM_H 1
| #define HAVE_GETPAGESIZE 1
| #define HAVE_MMAP 1
| #define HAVE_SQRT 1
| #define HAVE_STRSTR 1
| #define HAVE_GETENV 1
| #define HAVE_OPENDIR 1
| #define HAVE_SETJMP 1
| /* end confdefs.h.  */
| #include <stdio.h>
| #ifdef HAVE_SYS_TYPES_H
| # include <sys/types.h>
| #endif
| #ifdef HAVE_SYS_STAT_H
| # include <sys/stat.h>
| #endif
| #ifdef STDC_HEADERS
| # include <stdlib.h>
| # include <stddef.h>
| #else
| # ifdef HAVE_STDLIB_H
| #  include <stdlib.h>
| # endif
| #endif
| #ifdef HAVE_STRING_H
| # if !defined STDC_HEADERS && defined HAVE_MEMORY_H
| #  include <memory.h>
| # endif
| # include <string.h>
| #endif
| #ifdef HAVE_STRINGS_H
| # include <strings.h>
| #endif
| #ifdef HAVE_INTTYPES_H
| # include <inttypes.h>
| #endif
| #ifdef HAVE_STDINT_H
| # include <stdint.h>
| #endif
| #ifdef HAVE_UNISTD_H
| # include <unistd.h>
| #endif
| int
| main ()
| {
| if (sizeof ((off_t)))
| 	    return 0;
|   ;
|   return 0;
| }
configure:6210: result: yes
configure:6238: checking for size_t
configure:6238: result: yes
configure:6253: checking size of char
configure:6258: gcc -o conftest -g -O2   conftest.c -lm  >&5
configure:6258: $? = 0
configure:6258: ./conftest
configure:6258: $? = 0
configure:6272: result: 1
configure:6286: checking size of short
configure:6291: gcc -o conftest -g -O2   conftest.c -lm  >&5
configure:6291: $? = 0
configure:6291: ./conftest
configure:6291: $? = 0
configure:6305: result: 2
configure:6319: checking size of int
configure:6324: gcc -o conftest -g -O2   conftest.c -lm  >&5
configure:6324: $? = 0
configure:6324: ./conftest
configure:6324: $? = 0
configure:6338: result: 4
configure:6352: checking size of long
configure:6357: gcc -o conftest -g -O2   conftest.c -lm  >&5
configure:6357: $? = 0
configure:6357: ./conftest
configure:6357: $? = 0
configure:6371: result: 8
configure:6385: checking size of long long
configure:6390: gcc -o conftest -g -O2   conftest.c -lm  >&5
configure:6390: $? = 0
configure:6390: ./conftest
configure:6390: $? = 0
configure:6404: result: 8
configure:6418: checking size of size_t
configure:6423: gcc -o conftest -g -O2   conftest.c -lm  >&5
configure:6423: $? = 0
configure:6423: ./conftest
configure:6423: $? = 0
configure:6437: result: 8
configure:6447: checking for size_t
configure:6447: result: yes
configure:6466: checking whether make is GNU Make
configure:6469: result: yes
configure:6478: checking if g++ supports template <class T> (required)
configure:6498: g++ -c -g -O2  conftest.cpp >&5
configure:6498: $? = 0
configure:6510: result: yes
configure:6512: checking if g++ supports const_cast<> (required)
configure:6530: g++ -c -g -O2  conftest.cpp >&5
configure:6530: $? = 0
configure:6542: result: yes
configure:6544: checking if g++ supports static_cast<> (required)
configure:6562: g++ -c -g -O2  conftest.cpp >&5
configure:6562: $? = 0
configure:6574: result: yes
configure:6576: checking if g++ supports dynamic_cast<> (required)
configure:6595: g++ -c -g -O2  conftest.cpp >&5
configure:6595: $? = 0
configure:6607: result: yes
configure:6609: checking if g++ supports reinterpret_cast<> (required)
configure:6626: g++ -c -g -O2  conftest.cpp >&5
configure:6626: $? = 0
configure:6638: result: yes
configure:6640: checking if g++ supports exception handler (required)
configure:6663: g++ -c -g -O2  conftest.cpp >&5
configure:6663: $? = 0
configure:6675: result: yes
configure:6677: checking if g++ supports namespaces (required) 
configure:6695: g++ -c -g -O2  conftest.cpp >&5
configure:6695: $? = 0
configure:6706: result: yes
configure:6708: checking if g++ environment provides all required features
configure:6716: result: yes
configure:6745: checking for HTS_engine.h
configure:6747: result: /usr/local/include/HTS_engine.h
configure:6768: checking for libHTSEngine.a
configure:6770: result: /usr/local/lib/libHTSEngine.a
configure:6838: checking charset
configure:6840: result: UTF-8
configure:6985: checking that generated files are newer than configure
configure:6991: result: done
configure:7019: creating ./config.status

## ---------------------- ##
## Running config.status. ##
## ---------------------- ##

This file was extended by open_jtalk config.status 1.11, which was
generated by GNU Autoconf 2.69.  Invocation command line was

  CONFIG_FILES    = 
  CONFIG_HEADERS  = 
  CONFIG_LINKS    = 
  CONFIG_COMMANDS = 
  $ ./config.status 

on numai-msi

config.status:927: creating Makefile
config.status:927: creating bin/Makefile
config.status:927: creating text2mecab/Makefile
config.status:927: creating mecab/Makefile
config.status:927: creating mecab/src/Makefile
config.status:927: creating mecab2njd/Makefile
config.status:927: creating njd/Makefile
config.status:927: creating njd_set_pronunciation/Makefile
config.status:927: creating njd_set_digit/Makefile
config.status:927: creating njd_set_accent_phrase/Makefile
config.status:927: creating njd_set_accent_type/Makefile
config.status:927: creating njd_set_unvoiced_vowel/Makefile
config.status:927: creating njd_set_long_vowel/Makefile
config.status:927: creating njd2jpcommon/Makefile
config.status:927: creating jpcommon/Makefile
config.status:927: creating mecab-naist-jdic/Makefile
config.status:927: creating mecab/config.h
config.status:1108: mecab/config.h is unchanged
config.status:1156: executing depfiles commands

## ---------------- ##
## Cache variables. ##
## ---------------- ##

ac_cv_build=x86_64-unknown-linux-gnu
ac_cv_c_bigendian=no
ac_cv_c_compiler_gnu=yes
ac_cv_c_const=yes
ac_cv_cxx_compiler_gnu=yes
ac_cv_env_CCC_set=
ac_cv_env_CCC_value=
ac_cv_env_CC_set=
ac_cv_env_CC_value=
ac_cv_env_CFLAGS_set=
ac_cv_env_CFLAGS_value=
ac_cv_env_CPPFLAGS_set=
ac_cv_env_CPPFLAGS_value=
ac_cv_env_CPP_set=
ac_cv_env_CPP_value=
ac_cv_env_CXXFLAGS_set=
ac_cv_env_CXXFLAGS_value=
ac_cv_env_CXX_set=
ac_cv_env_CXX_value=
ac_cv_env_LDFLAGS_set=
ac_cv_env_LDFLAGS_value=
ac_cv_env_LIBS_set=
ac_cv_env_LIBS_value=
ac_cv_env_build_alias_set=
ac_cv_env_build_alias_value=
ac_cv_env_host_alias_set=
ac_cv_env_host_alias_value=
ac_cv_env_target_alias_set=
ac_cv_env_target_alias_value=
ac_cv_func_getenv=yes
ac_cv_func_getpagesize=yes
ac_cv_func_iconv_open=yes
ac_cv_func_mmap_fixed_mapped=yes
ac_cv_func_opendir=yes
ac_cv_func_setjmp=yes
ac_cv_func_sqrt=yes
ac_cv_func_strstr=yes
ac_cv_header_ctype_h=yes
ac_cv_header_dirent_h=yes
ac_cv_header_fcntl_h=yes
ac_cv_header_inttypes_h=yes
ac_cv_header_io_h=no
ac_cv_header_memory_h=yes
ac_cv_header_setjmp_h=yes
ac_cv_header_stdc=yes
ac_cv_header_stdint_h=yes
ac_cv_header_stdlib_h=yes
ac_cv_header_string_h=yes
ac_cv_header_strings_h=yes
ac_cv_header_sys_mman_h=yes
ac_cv_header_sys_param_h=yes
ac_cv_header_sys_stat_h=yes
ac_cv_header_sys_times_h=yes
ac_cv_header_sys_types_h=yes
ac_cv_header_unistd_h=yes
ac_cv_header_windows_h=no
ac_cv_host=x86_64-unknown-linux-gnu
ac_cv_lib_iconv_iconv_open=no
ac_cv_lib_m_log=yes
ac_cv_lib_stdcpp_main=yes
ac_cv_objext=o
ac_cv_path_EGREP='/bin/grep -E'
ac_cv_path_GREP=/bin/grep
ac_cv_path_install='/usr/bin/install -c'
ac_cv_path_mkdir=/bin/mkdir
ac_cv_prog_AWK=mawk
ac_cv_prog_CPP='gcc -E'
ac_cv_prog_ac_ct_AR=ar
ac_cv_prog_ac_ct_CC=gcc
ac_cv_prog_ac_ct_CXX=g++
ac_cv_prog_ac_ct_RANLIB=ranlib
ac_cv_prog_cc_c89=
ac_cv_prog_cc_g=yes
ac_cv_prog_cxx_g=yes
ac_cv_prog_gcc_traditional=no
ac_cv_prog_make_make_set=yes
ac_cv_search_strerror='none required'
ac_cv_sizeof_char=1
ac_cv_sizeof_int=4
ac_cv_sizeof_long=8
ac_cv_sizeof_long_long=8
ac_cv_sizeof_short=2
ac_cv_sizeof_size_t=8
ac_cv_type_off_t=yes
ac_cv_type_size_t=yes
am_cv_CC_dependencies_compiler_type=gcc3
am_cv_CXX_dependencies_compiler_type=gcc3
am_cv_make_support_nested_variables=yes
am_cv_prog_cc_c_o=yes

## ----------------- ##
## Output variables. ##
## ----------------- ##

ACLOCAL='${SHELL} /home/gisen/Downloads/openjtalk-python/lib/open_jtalk-1.11/config/missing aclocal-1.15'
AMDEPBACKSLASH='\'
AMDEP_FALSE='#'
AMDEP_TRUE=''
AMTAR='$${TAR-tar}'
AM_BACKSLASH='\'
AM_DEFAULT_V='$(AM_DEFAULT_VERBOSITY)'
AM_DEFAULT_VERBOSITY='1'
AM_V='$(V)'
AR='ar'
AUTOCONF='${SHELL} /home/gisen/Downloads/openjtalk-python/lib/open_jtalk-1.11/config/missing autoconf'
AUTOHEADER='${SHELL} /home/gisen/Downloads/openjtalk-python/lib/open_jtalk-1.11/config/missing autoheader'
AUTOMAKE='${SHELL} /home/gisen/Downloads/openjtalk-python/lib/open_jtalk-1.11/config/missing automake-1.15'
AWK='mawk'
CC='gcc'
CCDEPMODE='depmode=gcc3'
CFLAGS='-O2 -Wall -g -g -O2 -finput-charset=UTF-8 -fexec-charset=UTF-8 '
CHARSET='-D CHARSET_UTF_8'
CPP='gcc -E'
CPPFLAGS=''
CXX='g++'
CXXDEPMODE='depmode=gcc3'
CXXFLAGS='-O3 -Wall -Wno-deprecated -g -O2  -finput-charset=UTF-8 -fexec-charset=UTF-8 '
CYGPATH_W='echo'
DEFS='-DHAVE_CONFIG_H'
DEPDIR='.deps'
DIC_VERSION='102'
ECHO_C=''
ECHO_N='-n'
ECHO_T=''
EGREP='/bin/grep -E'
EXEEXT=''
GREP='/bin/grep'
HTS_ENGINE_HEADER='/usr/local/include/HTS_engine.h'
HTS_ENGINE_HEADER_DIR='/usr/local/include'
HTS_ENGINE_LIBRARY='/usr/local/lib/libHTSEngine.a'
HTS_ENGINE_LIBRARY_DIR='/usr/local/lib'
INSTALL_DATA='${INSTALL} -m 644'
INSTALL_PROGRAM='${INSTALL}'
INSTALL_SCRIPT='${INSTALL}'
INSTALL_STRIP_PROGRAM='$(install_sh) -c -s'
LDFLAGS=''
LIBOBJS=''
LIBS='-lm  -lstdc++'
LTLIBOBJS=''
MAKEINFO='${SHELL} /home/gisen/Downloads/openjtalk-python/lib/open_jtalk-1.11/config/missing makeinfo'
MECAB_CHARSET='UTF-8'
MECAB_DEFAULT_CHARSET='UTF-8'
MECAB_DEFAULT_RC='dummy'
MECAB_LIBS='-lstdc++'
MECAB_USE_UTF8_ONLY='-D MECAB_USE_UTF8_ONLY'
MKDIR_P='/bin/mkdir -p'
OBJEXT='o'
PACKAGE='open_jtalk'
PACKAGE_BUGREPORT='open-jtalk-users@lists.sourceforge.net'
PACKAGE_NAME='open_jtalk'
PACKAGE_STRING='open_jtalk 1.11'
PACKAGE_TARNAME='open_jtalk'
PACKAGE_URL=''
PACKAGE_VERSION='1.11'
PATH_SEPARATOR=':'
RANLIB='ranlib'
SET_MAKE=''
SHELL='/bin/bash'
STRIP=''
VERSION='1.11'
ac_ct_CC='gcc'
ac_ct_CXX='g++'
am__EXEEXT_FALSE=''
am__EXEEXT_TRUE='#'
am__fastdepCC_FALSE='#'
am__fastdepCC_TRUE=''
am__fastdepCXX_FALSE='#'
am__fastdepCXX_TRUE=''
am__include='include'
am__isrc=''
am__leading_dot='.'
am__nodep='_no'
am__quote=''
am__tar='$${TAR-tar} chof - "$$tardir"'
am__untar='$${TAR-tar} xf -'
bindir='${exec_prefix}/bin'
build='x86_64-unknown-linux-gnu'
build_alias=''
build_cpu='x86_64'
build_os='linux-gnu'
build_vendor='unknown'
datadir='${datarootdir}'
datarootdir='${prefix}/share'
docdir='${datarootdir}/doc/${PACKAGE_TARNAME}'
dvidir='${docdir}'
exec_prefix='${prefix}'
host='x86_64-unknown-linux-gnu'
host_alias=''
host_cpu='x86_64'
host_os='linux-gnu'
host_vendor='unknown'
htmldir='${docdir}'
includedir='${prefix}/include'
infodir='${datarootdir}/info'
install_sh='${SHELL} /home/gisen/Downloads/openjtalk-python/lib/open_jtalk-1.11/config/install-sh'
libdir='${exec_prefix}/lib'
libexecdir='${exec_prefix}/libexec'
localedir='${datarootdir}/locale'
localstatedir='${prefix}/var'
mandir='${datarootdir}/man'
mkdir_p='$(MKDIR_P)'
oldincludedir='/usr/include'
pdfdir='${docdir}'
prefix='/usr/local'
program_transform_name='s,x,x,'
psdir='${docdir}'
runstatedir='${localstatedir}/run'
sbindir='${exec_prefix}/sbin'
sharedstatedir='${prefix}/com'
sysconfdir='${prefix}/etc'
target_alias=''

## ----------- ##
## confdefs.h. ##
## ----------- ##

/* confdefs.h */
#define PACKAGE_NAME "open_jtalk"
#define PACKAGE_TARNAME "open_jtalk"
#define PACKAGE_VERSION "1.11"
#define PACKAGE_STRING "open_jtalk 1.11"
#define PACKAGE_BUGREPORT "open-jtalk-users@lists.sourceforge.net"
#define PACKAGE_URL ""
#define PACKAGE "open_jtalk"
#define VERSION "1.11"
#define STDC_HEADERS 1
#define HAVE_SYS_TYPES_H 1
#define HAVE_SYS_STAT_H 1
#define HAVE_STDLIB_H 1
#define HAVE_STRING_H 1
#define HAVE_MEMORY_H 1
#define HAVE_STRINGS_H 1
#define HAVE_INTTYPES_H 1
#define HAVE_STDINT_H 1
#define HAVE_UNISTD_H 1
#define HAVE_LIBM 1
#define STDC_HEADERS 1
#define HAVE_STDLIB_H 1
#define HAVE_STRING_H 1
#define HAVE_UNISTD_H 1
#define HAVE_FCNTL_H 1
#define HAVE_SYS_STAT_H 1
#define HAVE_SYS_MMAN_H 1
#define HAVE_SYS_TIMES_H 1
#define HAVE_SYS_TYPES_H 1
#define HAVE_DIRENT_H 1
#define HAVE_CTYPE_H 1
#define HAVE_SYS_TYPES_H 1
#define HAVE_SETJMP_H 1
#define HAVE_STDLIB_H 1
#define HAVE_UNISTD_H 1
#define HAVE_SYS_PARAM_H 1
#define HAVE_GETPAGESIZE 1
#define HAVE_MMAP 1
#define HAVE_SQRT 1
#define HAVE_STRSTR 1
#define HAVE_GETENV 1
#define HAVE_OPENDIR 1
#define HAVE_SETJMP 1
#define HAVE_ICONV 1
#define ICONV_CONST /**/
#define SIZEOF_CHAR 1
#define SIZEOF_SHORT 2
#define SIZEOF_INT 4
#define SIZEOF_LONG 8
#define SIZEOF_LONG_LONG 8
#define SIZEOF_SIZE_T 8

configure: exit 0
